2022-02-21 09:25:45,576 DEBUG [main] cmn.LoggerManager (CheckedExceptionMain.java:9)     - ==============================
2022-02-21 09:29:42,062 DEBUG [main] cmn.LoggerManager (CheckedExceptionMain.java:12)     - ==============================
2022-02-21 09:31:56,648 DEBUG [main] cmn.LoggerManager (CheckedExceptionMain.java:12)     - ==============================
2022-02-21 09:31:56,650 DEBUG [main] cmn.LoggerManager (CheckedExceptionMain.java:23)     - getMessage: a.txt (지정된 파일을 찾을 수 없습니다)
2022-02-21 09:32:06,356 DEBUG [main] cmn.LoggerManager (CheckedExceptionMain.java:12)     - ==============================
2022-02-21 09:32:06,358 DEBUG [main] cmn.LoggerManager (CheckedExceptionMain.java:23)     - getMessage: a.txt (지정된 파일을 찾을 수 없습니다)
2022-02-21 09:32:17,719 DEBUG [main] cmn.LoggerManager (CheckedExceptionMain.java:12)     - ==============================
2022-02-21 09:32:17,721 DEBUG [main] cmn.LoggerManager (CheckedExceptionMain.java:23)     - getMessage: a.txt (지정된 파일을 찾을 수 없습니다)
2022-02-21 09:41:34,219 DEBUG [main] cmn.LoggerManager (CheckedExceptionMain.java:12)     - ==============================
2022-02-21 10:06:29,315 DEBUG [main] cmn.LoggerManager (TryCatchFinallyMain.java:31)     - 1
2022-02-21 10:06:29,317 DEBUG [main] cmn.LoggerManager (TryCatchFinallyMain.java:36)     - 2. FileNotFoundException: a.txt (지정된 파일을 찾을 수 없습니다)
2022-02-21 10:07:01,181 DEBUG [main] cmn.LoggerManager (TryCatchFinallyMain.java:31)     - 1
2022-02-21 10:07:01,183 DEBUG [main] cmn.LoggerManager (TryCatchFinallyMain.java:36)     - 2. FileNotFoundException: a.txt (지정된 파일을 찾을 수 없습니다)
2022-02-21 10:07:01,183 DEBUG [main] cmn.LoggerManager (TryCatchFinallyMain.java:38)     - 3. finally 무조건 수행!
2022-02-21 10:08:19,239 DEBUG [main] cmn.LoggerManager (TryCatchFinallyMain.java:31)     - 1
2022-02-21 10:08:19,246 DEBUG [main] cmn.LoggerManager (TryCatchFinallyMain.java:34)     - 1-1
2022-02-21 10:08:19,246 DEBUG [main] cmn.LoggerManager (TryCatchFinallyMain.java:39)     - 3. finally 무조건 수행!
2022-02-21 10:08:19,246 DEBUG [main] cmn.LoggerManager (TryCatchFinallyMain.java:47)     - 프로그램 종료!
2022-02-21 10:19:06,223 DEBUG [main] cmn.LoggerManager (MultiBlockExceptionMain.java:25)     - 1
2022-02-21 10:19:06,225 DEBUG [main] cmn.LoggerManager (MultiBlockExceptionMain.java:26)     - 2
2022-02-21 10:19:06,225 DEBUG [main] cmn.LoggerManager (MultiBlockExceptionMain.java:29)     - 3
2022-02-21 10:19:06,225 DEBUG [main] cmn.LoggerManager (MultiBlockExceptionMain.java:30)     - 1/0
2022-02-21 10:19:06,225 DEBUG [main] cmn.LoggerManager (MultiBlockExceptionMain.java:31)     - 4
2022-02-21 10:19:06,225 DEBUG [main] cmn.LoggerManager (MultiBlockExceptionMain.java:37)     - 7 finally
2022-02-21 10:19:06,225 DEBUG [main] cmn.LoggerManager (MultiBlockExceptionMain.java:39)     - 8 종료
2022-02-21 10:19:32,721 DEBUG [main] cmn.LoggerManager (MultiBlockExceptionMain.java:25)     - 1
2022-02-21 10:19:32,722 DEBUG [main] cmn.LoggerManager (MultiBlockExceptionMain.java:26)     - 2
2022-02-21 10:19:32,722 DEBUG [main] cmn.LoggerManager (MultiBlockExceptionMain.java:29)     - 3
2022-02-21 10:19:32,723 DEBUG [main] cmn.LoggerManager (MultiBlockExceptionMain.java:33)     - 5 ArithmeticException
2022-02-21 10:19:32,723 DEBUG [main] cmn.LoggerManager (MultiBlockExceptionMain.java:37)     - 7 finally
2022-02-21 10:19:32,723 DEBUG [main] cmn.LoggerManager (MultiBlockExceptionMain.java:39)     - 8 종료
2022-02-21 10:22:01,941 DEBUG [main] cmn.LoggerManager (MultiBlockExceptionMain.java:25)     - 1
2022-02-21 10:22:01,943 DEBUG [main] cmn.LoggerManager (MultiBlockExceptionMain.java:26)     - 2
2022-02-21 10:22:01,943 DEBUG [main] cmn.LoggerManager (MultiBlockExceptionMain.java:30)     - 3
2022-02-21 10:22:01,943 DEBUG [main] cmn.LoggerManager (MultiBlockExceptionMain.java:37)     - 5-1 ArrayIndexOutOfBoundsException
2022-02-21 10:22:01,943 DEBUG [main] cmn.LoggerManager (MultiBlockExceptionMain.java:41)     - 7 finally
2022-02-21 10:22:01,943 DEBUG [main] cmn.LoggerManager (MultiBlockExceptionMain.java:43)     - 8 종료
2022-02-21 10:24:13,088 DEBUG [main] cmn.LoggerManager (MultiBlockExceptionMain02.java:25)     - 1
2022-02-21 10:24:13,089 DEBUG [main] cmn.LoggerManager (MultiBlockExceptionMain02.java:26)     - 2
2022-02-21 10:24:13,089 DEBUG [main] cmn.LoggerManager (MultiBlockExceptionMain02.java:30)     - 3
2022-02-21 10:24:13,090 DEBUG [main] cmn.LoggerManager (MultiBlockExceptionMain02.java:35)     - 5 4
2022-02-21 10:24:13,090 DEBUG [main] cmn.LoggerManager (MultiBlockExceptionMain02.java:39)     - 7 finally
2022-02-21 10:24:13,090 DEBUG [main] cmn.LoggerManager (MultiBlockExceptionMain02.java:41)     - 8 종료
2022-02-21 10:26:33,012 DEBUG [main] cmn.LoggerManager (MultiBlockExceptionMain02.java:25)     - 1
2022-02-21 10:26:33,014 DEBUG [main] cmn.LoggerManager (MultiBlockExceptionMain02.java:26)     - 2
2022-02-21 10:26:33,014 DEBUG [main] cmn.LoggerManager (MultiBlockExceptionMain02.java:30)     - 3
2022-02-21 10:26:33,014 DEBUG [main] cmn.LoggerManager (MultiBlockExceptionMain02.java:39)     - 5. ArrayIndexOutOfBoundsException: 4
2022-02-21 10:26:33,014 DEBUG [main] cmn.LoggerManager (MultiBlockExceptionMain02.java:44)     - 7 finally
2022-02-21 10:26:33,014 DEBUG [main] cmn.LoggerManager (MultiBlockExceptionMain02.java:46)     - 8 종료
2022-02-21 10:34:15,737 DEBUG [main] cmn.LoggerManager (MultiBlockExceptionMain02.java:25)     - 1
2022-02-21 10:34:15,739 DEBUG [main] cmn.LoggerManager (MultiBlockExceptionMain02.java:26)     - 2
2022-02-21 10:34:15,739 DEBUG [main] cmn.LoggerManager (MultiBlockExceptionMain02.java:30)     - 3
2022-02-21 10:34:15,739 DEBUG [main] cmn.LoggerManager (MultiBlockExceptionMain02.java:40)     - 5. ArrayIndexOutOfBoundsException: 4
2022-02-21 10:34:15,739 DEBUG [main] cmn.LoggerManager (MultiBlockExceptionMain02.java:46)     - 7 finally
2022-02-21 10:34:15,739 DEBUG [main] cmn.LoggerManager (MultiBlockExceptionMain02.java:48)     - 8 종료
2022-02-21 10:34:38,230 DEBUG [main] cmn.LoggerManager (MultiBlockExceptionMain02.java:25)     - 1
2022-02-21 10:34:38,231 DEBUG [main] cmn.LoggerManager (MultiBlockExceptionMain02.java:26)     - 2
2022-02-21 10:34:38,231 DEBUG [main] cmn.LoggerManager (MultiBlockExceptionMain02.java:30)     - 3
2022-02-21 10:34:38,231 DEBUG [main] cmn.LoggerManager (MultiBlockExceptionMain02.java:40)     - 5. ArrayIndexOutOfBoundsException: 4!
2022-02-21 10:34:38,231 DEBUG [main] cmn.LoggerManager (MultiBlockExceptionMain02.java:45)     - 7 finally
2022-02-21 10:34:38,232 DEBUG [main] cmn.LoggerManager (MultiBlockExceptionMain02.java:47)     - 8 종료
2022-02-21 10:35:08,182 DEBUG [main] cmn.LoggerManager (MultiBlockExceptionMain02.java:25)     - 1
2022-02-21 10:35:08,183 DEBUG [main] cmn.LoggerManager (MultiBlockExceptionMain02.java:26)     - 2
2022-02-21 10:35:08,183 DEBUG [main] cmn.LoggerManager (MultiBlockExceptionMain02.java:30)     - 3
2022-02-21 10:35:08,183 DEBUG [main] cmn.LoggerManager (MultiBlockExceptionMain02.java:40)     - 5. ArrayIndexOutOfBoundsException: 4
2022-02-21 10:35:08,183 DEBUG [main] cmn.LoggerManager (MultiBlockExceptionMain02.java:45)     - 7 finally
2022-02-21 10:35:08,183 DEBUG [main] cmn.LoggerManager (MultiBlockExceptionMain02.java:47)     - 8 종료
2022-02-21 10:40:21,146 DEBUG [main] cmn.LoggerManager (MultiBlockExceptionMain.java:25)     - 1
2022-02-21 10:40:21,148 DEBUG [main] cmn.LoggerManager (MultiBlockExceptionMain.java:26)     - 2
2022-02-21 10:40:21,148 DEBUG [main] cmn.LoggerManager (MultiBlockExceptionMain.java:30)     - 3
2022-02-21 10:40:21,148 DEBUG [main] cmn.LoggerManager (MultiBlockExceptionMain.java:37)     - 5-1 ArrayIndexOutOfBoundsException
2022-02-21 10:40:21,148 DEBUG [main] cmn.LoggerManager (MultiBlockExceptionMain.java:41)     - 7 finally
2022-02-21 10:40:21,148 DEBUG [main] cmn.LoggerManager (MultiBlockExceptionMain.java:43)     - 8 종료
2022-02-21 10:40:33,585 DEBUG [main] cmn.LoggerManager (MultiBlockExceptionMain.java:25)     - 1
2022-02-21 10:40:33,589 DEBUG [main] cmn.LoggerManager (MultiBlockExceptionMain.java:26)     - 2
2022-02-21 10:40:33,589 DEBUG [main] cmn.LoggerManager (MultiBlockExceptionMain.java:30)     - 3
2022-02-21 10:40:33,589 DEBUG [main] cmn.LoggerManager (MultiBlockExceptionMain.java:37)     - 5-1 ArrayIndexOutOfBoundsException4
2022-02-21 10:40:33,589 DEBUG [main] cmn.LoggerManager (MultiBlockExceptionMain.java:41)     - 7 finally
2022-02-21 10:40:33,589 DEBUG [main] cmn.LoggerManager (MultiBlockExceptionMain.java:43)     - 8 종료
2022-02-21 10:40:54,186 DEBUG [main] cmn.LoggerManager (MultiBlockExceptionMain02.java:25)     - 1
2022-02-21 10:40:54,188 DEBUG [main] cmn.LoggerManager (MultiBlockExceptionMain02.java:26)     - 2
2022-02-21 10:40:54,188 DEBUG [main] cmn.LoggerManager (MultiBlockExceptionMain02.java:30)     - 3
2022-02-21 10:40:54,188 DEBUG [main] cmn.LoggerManager (MultiBlockExceptionMain02.java:40)     - 5. ArrayIndexOutOfBoundsException: 4
2022-02-21 10:40:54,188 DEBUG [main] cmn.LoggerManager (MultiBlockExceptionMain02.java:45)     - 7 finally
2022-02-21 10:40:54,188 DEBUG [main] cmn.LoggerManager (MultiBlockExceptionMain02.java:47)     - 8 종료
2022-02-21 10:46:09,329 DEBUG [main] cmn.LoggerManager (TryCatchFinallyMain.java:31)     - 1
2022-02-21 10:46:09,330 DEBUG [main] cmn.LoggerManager (TryCatchFinallyMain.java:33)     - 1-1
2022-02-21 10:46:09,330 DEBUG [main] cmn.LoggerManager (TryCatchFinallyMain.java:41)     - 프로그램 종료!
2022-02-21 10:47:29,081 DEBUG [main] cmn.LoggerManager (MultiBlockExceptionMain02.java:25)     - 1
2022-02-21 10:47:29,083 DEBUG [main] cmn.LoggerManager (MultiBlockExceptionMain02.java:26)     - 2
2022-02-21 10:47:29,083 DEBUG [main] cmn.LoggerManager (MultiBlockExceptionMain02.java:30)     - 3
2022-02-21 10:47:29,083 DEBUG [main] cmn.LoggerManager (MultiBlockExceptionMain02.java:47)     - 7 finally
2022-02-21 10:47:29,083 DEBUG [main] cmn.LoggerManager (MultiBlockExceptionMain02.java:49)     - 8 종료
2022-02-21 10:47:58,039 DEBUG [main] cmn.LoggerManager (MultiBlockExceptionMain02.java:25)     - 1
2022-02-21 10:47:58,041 DEBUG [main] cmn.LoggerManager (MultiBlockExceptionMain02.java:26)     - 2
2022-02-21 10:47:58,041 DEBUG [main] cmn.LoggerManager (MultiBlockExceptionMain02.java:30)     - 3
2022-02-21 10:47:58,041 DEBUG [main] cmn.LoggerManager (MultiBlockExceptionMain02.java:38)     - 5. ArithmeticException: 
2022-02-21 10:47:58,041 DEBUG [main] cmn.LoggerManager (MultiBlockExceptionMain02.java:45)     - 7 finally
2022-02-21 10:47:58,041 DEBUG [main] cmn.LoggerManager (MultiBlockExceptionMain02.java:47)     - 8 종료
2022-02-21 10:48:10,679 DEBUG [main] cmn.LoggerManager (MultiBlockExceptionMain02.java:25)     - 1
2022-02-21 10:48:10,681 DEBUG [main] cmn.LoggerManager (MultiBlockExceptionMain02.java:26)     - 2
2022-02-21 10:48:10,681 DEBUG [main] cmn.LoggerManager (MultiBlockExceptionMain02.java:30)     - 3
2022-02-21 10:48:10,681 DEBUG [main] cmn.LoggerManager (MultiBlockExceptionMain02.java:38)     - 5. ArithmeticException: / by zero
2022-02-21 10:48:10,681 DEBUG [main] cmn.LoggerManager (MultiBlockExceptionMain02.java:45)     - 7 finally
2022-02-21 10:48:10,681 DEBUG [main] cmn.LoggerManager (MultiBlockExceptionMain02.java:47)     - 8 종료
2022-02-21 11:09:34,913 DEBUG [main] cmn.LoggerManager (ThrowMain.java:29)     - 1
2022-02-21 11:09:34,915 DEBUG [main] cmn.LoggerManager (ThrowMain.java:35)     - 예외 발생!
2022-02-21 11:09:34,915 DEBUG [main] cmn.LoggerManager (ThrowMain.java:36)     - Exception: 예외 발생 시키기(고의)
2022-02-21 11:09:34,915 DEBUG [main] cmn.LoggerManager (ThrowMain.java:39)     - 프로그램 종료
2022-02-21 11:09:50,396 DEBUG [main] cmn.LoggerManager (ThrowMain.java:29)     - 1
2022-02-21 11:09:50,398 DEBUG [main] cmn.LoggerManager (ThrowMain.java:35)     - 3. 예외 발생!
2022-02-21 11:09:50,398 DEBUG [main] cmn.LoggerManager (ThrowMain.java:36)     - 3.1 Exception: 예외 발생 시키기(고의)
2022-02-21 11:09:50,398 DEBUG [main] cmn.LoggerManager (ThrowMain.java:39)     - 프로그램 종료
2022-02-21 11:20:45,452 DEBUG [main] cmn.LoggerManager (ThrowsMain.java:27)     - methodA()
2022-02-21 11:23:23,358 DEBUG [main] cmn.LoggerManager (ThrowsMain02.java:27)     - methodA()
2022-02-21 11:23:23,360 DEBUG [main] cmn.LoggerManager (ThrowsMain02.java:36)     - main() 예외처리
2022-02-21 11:23:23,360 DEBUG [main] cmn.LoggerManager (ThrowsMain02.java:37)     - 메서드A 예외 발생!
2022-02-21 11:23:56,851 DEBUG [main] cmn.LoggerManager (ThrowsMain02.java:27)     - methodA()
2022-02-21 11:23:56,853 DEBUG [main] cmn.LoggerManager (ThrowsMain02.java:36)     - main() 예외처리
2022-02-21 11:23:56,853 DEBUG [main] cmn.LoggerManager (ThrowsMain02.java:37)     - 메서드A 예외 발생!
2022-02-21 11:44:44,714 DEBUG [main] cmn.LoggerManager (UserExceptionMain.java:33)     - main AgeException
2022-02-21 11:44:44,716 DEBUG [main] cmn.LoggerManager (UserExceptionMain.java:34)     - getMessage: 나이를 확인하세요. 
 나이는 >0
2022-02-21 11:45:16,711 DEBUG [main] cmn.LoggerManager (UserExceptionMain.java:25)     - ticketing(): -9
2022-02-21 11:45:16,713 DEBUG [main] cmn.LoggerManager (UserExceptionMain.java:34)     - main AgeException
2022-02-21 11:45:16,713 DEBUG [main] cmn.LoggerManager (UserExceptionMain.java:35)     - getMessage: 나이를 확인하세요. 
 나이는 >0
2022-02-21 11:47:20,840 DEBUG [main] cmn.LoggerManager (UserExceptionMain.java:25)     - ticketing(): -9
2022-02-21 11:47:51,059 DEBUG [main] cmn.LoggerManager (UserExceptionMain.java:25)     - ticketing(): -9
2022-02-21 11:47:57,819 DEBUG [main] cmn.LoggerManager (UserExceptionMain.java:34)     - main AgeException
2022-02-21 11:48:19,634 DEBUG [main] cmn.LoggerManager (UserExceptionMain.java:35)     - getMessage: 나이를 확인하세요. 
 나이는 >0
2022-02-21 12:10:11,941 DEBUG [main] cmn.LoggerManager (IDFormatExceptionMain.java:45)     - IDFormatException: 아이디는 null일 수 없습니다.
2022-02-21 12:10:11,943 DEBUG [main] cmn.LoggerManager (IDFormatExceptionMain.java:49)     - 프로그램 종료
2022-02-21 12:11:15,079 DEBUG [main] cmn.LoggerManager (IDFormatExceptionMain.java:45)     - IDFormatException: 아이디는 8자 이상 20자 이하로 사용하세요.
2022-02-21 12:11:15,081 DEBUG [main] cmn.LoggerManager (IDFormatExceptionMain.java:49)     - 프로그램 종료
2022-02-21 12:36:02,360 DEBUG [main] cmn.LoggerManager (Date01Main.java:27)     - 시작시간 : 1645414562307
2022-02-21 12:38:12,548 DEBUG [main] cmn.LoggerManager (Date01Main.java:27)     - 시작시간 : 1645414692490
2022-02-21 12:38:12,551 DEBUG [main] cmn.LoggerManager (Date01Main.java:34)     - 종료시간 : 1645414692551
2022-02-21 12:38:51,280 DEBUG [main] cmn.LoggerManager (Date01Main.java:27)     - 시작시간 : 1645414731226
2022-02-21 12:38:51,284 DEBUG [main] cmn.LoggerManager (Date01Main.java:34)     - 종료시간 : 1645414731284
2022-02-21 12:39:45,444 DEBUG [main] cmn.LoggerManager (Date01Main.java:27)     - 시작시간 : 1645414785388
2022-02-21 12:39:45,451 DEBUG [main] cmn.LoggerManager (Date01Main.java:36)     - 종료시간 : 1645414785451
2022-02-21 12:40:46,472 DEBUG [main] cmn.LoggerManager (Date01Main.java:27)     - 시작시간 : 1645414846410
2022-02-21 12:40:46,479 DEBUG [main] cmn.LoggerManager (Date01Main.java:36)     - 종료시간 : 1645414846479
2022-02-21 12:40:46,480 DEBUG [main] cmn.LoggerManager (Date01Main.java:37)     - 경과시간: 69ms
